CRITICAL - 2020-10-31 00:32:58 --> Call to a member function getLahan() on null
#0 D:\xampp\htdocs\SILOOMAN\vendor\codeigniter4\framework\system\CodeIgniter.php(918): App\Controllers\Lahan->detail(' bajak')
#1 D:\xampp\htdocs\SILOOMAN\vendor\codeigniter4\framework\system\CodeIgniter.php(404): CodeIgniter\CodeIgniter->runController(Object(App\Controllers\Lahan))
#2 D:\xampp\htdocs\SILOOMAN\vendor\codeigniter4\framework\system\CodeIgniter.php(312): CodeIgniter\CodeIgniter->handleRequest(NULL, Object(Config\Cache), false)
#3 D:\xampp\htdocs\SILOOMAN\public\index.php(45): CodeIgniter\CodeIgniter->run()
#4 D:\xampp\htdocs\SILOOMAN\vendor\codeigniter4\framework\system\Commands\Server\rewrite.php(34): require_once('D:\\xampp\\htdocs...')
#5 {main}
CRITICAL - 2020-10-31 00:33:44 --> Call to a member function findAll() on null
#0 D:\xampp\htdocs\SILOOMAN\vendor\codeigniter4\framework\system\CodeIgniter.php(918): App\Controllers\Lahan->index()
#1 D:\xampp\htdocs\SILOOMAN\vendor\codeigniter4\framework\system\CodeIgniter.php(404): CodeIgniter\CodeIgniter->runController(Object(App\Controllers\Lahan))
#2 D:\xampp\htdocs\SILOOMAN\vendor\codeigniter4\framework\system\CodeIgniter.php(312): CodeIgniter\CodeIgniter->handleRequest(NULL, Object(Config\Cache), false)
#3 D:\xampp\htdocs\SILOOMAN\public\index.php(45): CodeIgniter\CodeIgniter->run()
#4 D:\xampp\htdocs\SILOOMAN\vendor\codeigniter4\framework\system\Commands\Server\rewrite.php(34): require_once('D:\\xampp\\htdocs...')
#5 {main}
CRITICAL - 2020-10-31 00:34:41 --> Call to a member function getLahan() on null
#0 D:\xampp\htdocs\SILOOMAN\vendor\codeigniter4\framework\system\CodeIgniter.php(918): App\Controllers\Lahan->index()
#1 D:\xampp\htdocs\SILOOMAN\vendor\codeigniter4\framework\system\CodeIgniter.php(404): CodeIgniter\CodeIgniter->runController(Object(App\Controllers\Lahan))
#2 D:\xampp\htdocs\SILOOMAN\vendor\codeigniter4\framework\system\CodeIgniter.php(312): CodeIgniter\CodeIgniter->handleRequest(NULL, Object(Config\Cache), false)
#3 D:\xampp\htdocs\SILOOMAN\public\index.php(45): CodeIgniter\CodeIgniter->run()
#4 D:\xampp\htdocs\SILOOMAN\vendor\codeigniter4\framework\system\Commands\Server\rewrite.php(34): require_once('D:\\xampp\\htdocs...')
#5 {main}
CRITICAL - 2020-10-31 00:36:24 --> Call to a member function getLahan() on null
#0 D:\xampp\htdocs\SILOOMAN\vendor\codeigniter4\framework\system\CodeIgniter.php(918): App\Controllers\Lahan->index()
#1 D:\xampp\htdocs\SILOOMAN\vendor\codeigniter4\framework\system\CodeIgniter.php(404): CodeIgniter\CodeIgniter->runController(Object(App\Controllers\Lahan))
#2 D:\xampp\htdocs\SILOOMAN\vendor\codeigniter4\framework\system\CodeIgniter.php(312): CodeIgniter\CodeIgniter->handleRequest(NULL, Object(Config\Cache), false)
#3 D:\xampp\htdocs\SILOOMAN\public\index.php(45): CodeIgniter\CodeIgniter->run()
#4 D:\xampp\htdocs\SILOOMAN\vendor\codeigniter4\framework\system\Commands\Server\rewrite.php(34): require_once('D:\\xampp\\htdocs...')
#5 {main}
CRITICAL - 2020-10-31 02:07:35 --> Call to a member function getLahan() on null
#0 D:\xampp\htdocs\SILOOMAN\vendor\codeigniter4\framework\system\CodeIgniter.php(918): App\Controllers\Lahan->index()
#1 D:\xampp\htdocs\SILOOMAN\vendor\codeigniter4\framework\system\CodeIgniter.php(404): CodeIgniter\CodeIgniter->runController(Object(App\Controllers\Lahan))
#2 D:\xampp\htdocs\SILOOMAN\vendor\codeigniter4\framework\system\CodeIgniter.php(312): CodeIgniter\CodeIgniter->handleRequest(NULL, Object(Config\Cache), false)
#3 D:\xampp\htdocs\SILOOMAN\public\index.php(45): CodeIgniter\CodeIgniter->run()
#4 D:\xampp\htdocs\SILOOMAN\vendor\codeigniter4\framework\system\Commands\Server\rewrite.php(34): require_once('D:\\xampp\\htdocs...')
#5 {main}
CRITICAL - 2020-10-31 02:12:55 --> Call to a member function findAll() on null
#0 D:\xampp\htdocs\SILOOMAN\vendor\codeigniter4\framework\system\CodeIgniter.php(918): App\Controllers\Lahan->index()
#1 D:\xampp\htdocs\SILOOMAN\vendor\codeigniter4\framework\system\CodeIgniter.php(404): CodeIgniter\CodeIgniter->runController(Object(App\Controllers\Lahan))
#2 D:\xampp\htdocs\SILOOMAN\vendor\codeigniter4\framework\system\CodeIgniter.php(312): CodeIgniter\CodeIgniter->handleRequest(NULL, Object(Config\Cache), false)
#3 D:\xampp\htdocs\SILOOMAN\public\index.php(45): CodeIgniter\CodeIgniter->run()
#4 D:\xampp\htdocs\SILOOMAN\vendor\codeigniter4\framework\system\Commands\Server\rewrite.php(34): require_once('D:\\xampp\\htdocs...')
#5 {main}
CRITICAL - 2020-10-31 02:14:49 --> Call to a member function findAll() on null
#0 D:\xampp\htdocs\SILOOMAN\vendor\codeigniter4\framework\system\CodeIgniter.php(918): App\Controllers\Lahan->index()
#1 D:\xampp\htdocs\SILOOMAN\vendor\codeigniter4\framework\system\CodeIgniter.php(404): CodeIgniter\CodeIgniter->runController(Object(App\Controllers\Lahan))
#2 D:\xampp\htdocs\SILOOMAN\vendor\codeigniter4\framework\system\CodeIgniter.php(312): CodeIgniter\CodeIgniter->handleRequest(NULL, Object(Config\Cache), false)
#3 D:\xampp\htdocs\SILOOMAN\public\index.php(45): CodeIgniter\CodeIgniter->run()
#4 D:\xampp\htdocs\SILOOMAN\vendor\codeigniter4\framework\system\Commands\Server\rewrite.php(34): require_once('D:\\xampp\\htdocs...')
#5 {main}
CRITICAL - 2020-10-31 02:16:51 --> Call to a member function findAll() on null
#0 D:\xampp\htdocs\SILOOMAN\vendor\codeigniter4\framework\system\CodeIgniter.php(918): App\Controllers\Lahan->index()
#1 D:\xampp\htdocs\SILOOMAN\vendor\codeigniter4\framework\system\CodeIgniter.php(404): CodeIgniter\CodeIgniter->runController(Object(App\Controllers\Lahan))
#2 D:\xampp\htdocs\SILOOMAN\vendor\codeigniter4\framework\system\CodeIgniter.php(312): CodeIgniter\CodeIgniter->handleRequest(NULL, Object(Config\Cache), false)
#3 D:\xampp\htdocs\SILOOMAN\public\index.php(45): CodeIgniter\CodeIgniter->run()
#4 D:\xampp\htdocs\SILOOMAN\vendor\codeigniter4\framework\system\Commands\Server\rewrite.php(34): require_once('D:\\xampp\\htdocs...')
#5 {main}
CRITICAL - 2020-10-31 02:16:57 --> Call to a member function findAll() on null
#0 D:\xampp\htdocs\SILOOMAN\vendor\codeigniter4\framework\system\CodeIgniter.php(918): App\Controllers\Lahan->index()
#1 D:\xampp\htdocs\SILOOMAN\vendor\codeigniter4\framework\system\CodeIgniter.php(404): CodeIgniter\CodeIgniter->runController(Object(App\Controllers\Lahan))
#2 D:\xampp\htdocs\SILOOMAN\vendor\codeigniter4\framework\system\CodeIgniter.php(312): CodeIgniter\CodeIgniter->handleRequest(NULL, Object(Config\Cache), false)
#3 D:\xampp\htdocs\SILOOMAN\public\index.php(45): CodeIgniter\CodeIgniter->run()
#4 D:\xampp\htdocs\SILOOMAN\vendor\codeigniter4\framework\system\Commands\Server\rewrite.php(34): require_once('D:\\xampp\\htdocs...')
#5 {main}
CRITICAL - 2020-10-31 03:17:02 --> Undefined index: lokasi
#0 D:\xampp\htdocs\SILOOMAN\app\Views\lahan\detail.php(6): CodeIgniter\Debug\Exceptions->errorHandler(8, 'Undefined index...', 'D:\\xampp\\htdocs...', 6, Array)
#1 D:\xampp\htdocs\SILOOMAN\vendor\codeigniter4\framework\system\View\View.php(246): include('D:\\xampp\\htdocs...')
#2 D:\xampp\htdocs\SILOOMAN\vendor\codeigniter4\framework\system\Common.php(1119): CodeIgniter\View\View->render('lahan/detail', Array, true)
#3 D:\xampp\htdocs\SILOOMAN\app\Controllers\Lahan.php(38): view('lahan/detail', Array)
#4 D:\xampp\htdocs\SILOOMAN\vendor\codeigniter4\framework\system\CodeIgniter.php(918): App\Controllers\Lahan->detail('1')
#5 D:\xampp\htdocs\SILOOMAN\vendor\codeigniter4\framework\system\CodeIgniter.php(404): CodeIgniter\CodeIgniter->runController(Object(App\Controllers\Lahan))
#6 D:\xampp\htdocs\SILOOMAN\vendor\codeigniter4\framework\system\CodeIgniter.php(312): CodeIgniter\CodeIgniter->handleRequest(NULL, Object(Config\Cache), false)
#7 D:\xampp\htdocs\SILOOMAN\public\index.php(45): CodeIgniter\CodeIgniter->run()
#8 D:\xampp\htdocs\SILOOMAN\vendor\codeigniter4\framework\system\Commands\Server\rewrite.php(34): require_once('D:\\xampp\\htdocs...')
#9 {main}
CRITICAL - 2020-10-31 03:52:09 --> Undefined index: ukuran_laha
#0 D:\xampp\htdocs\SILOOMAN\app\Views\lahan\detail.php(18): CodeIgniter\Debug\Exceptions->errorHandler(8, 'Undefined index...', 'D:\\xampp\\htdocs...', 18, Array)
#1 D:\xampp\htdocs\SILOOMAN\vendor\codeigniter4\framework\system\View\View.php(246): include('D:\\xampp\\htdocs...')
#2 D:\xampp\htdocs\SILOOMAN\vendor\codeigniter4\framework\system\Common.php(1119): CodeIgniter\View\View->render('lahan/detail', Array, true)
#3 D:\xampp\htdocs\SILOOMAN\app\Controllers\Lahan.php(38): view('lahan/detail', Array)
#4 D:\xampp\htdocs\SILOOMAN\vendor\codeigniter4\framework\system\CodeIgniter.php(918): App\Controllers\Lahan->detail('1')
#5 D:\xampp\htdocs\SILOOMAN\vendor\codeigniter4\framework\system\CodeIgniter.php(404): CodeIgniter\CodeIgniter->runController(Object(App\Controllers\Lahan))
#6 D:\xampp\htdocs\SILOOMAN\vendor\codeigniter4\framework\system\CodeIgniter.php(312): CodeIgniter\CodeIgniter->handleRequest(NULL, Object(Config\Cache), false)
#7 D:\xampp\htdocs\SILOOMAN\public\index.php(45): CodeIgniter\CodeIgniter->run()
#8 D:\xampp\htdocs\SILOOMAN\vendor\codeigniter4\framework\system\Commands\Server\rewrite.php(34): require_once('D:\\xampp\\htdocs...')
#9 {main}
CRITICAL - 2020-10-31 11:52:06 --> syntax error, unexpected '}'
#0 D:\xampp\htdocs\SILOOMAN\vendor\codeigniter4\framework\system\Router\Router.php(195): CodeIgniter\Router\Router->autoRoute('lahan')
#1 D:\xampp\htdocs\SILOOMAN\vendor\codeigniter4\framework\system\CodeIgniter.php(793): CodeIgniter\Router\Router->handle('lahan')
#2 D:\xampp\htdocs\SILOOMAN\vendor\codeigniter4\framework\system\CodeIgniter.php(364): CodeIgniter\CodeIgniter->tryToRouteIt(Object(CodeIgniter\Router\RouteCollection))
#3 D:\xampp\htdocs\SILOOMAN\vendor\codeigniter4\framework\system\CodeIgniter.php(312): CodeIgniter\CodeIgniter->handleRequest(NULL, Object(Config\Cache), false)
#4 D:\xampp\htdocs\SILOOMAN\public\index.php(45): CodeIgniter\CodeIgniter->run()
#5 D:\xampp\htdocs\SILOOMAN\vendor\codeigniter4\framework\system\Commands\Server\rewrite.php(34): require_once('D:\\xampp\\htdocs...')
#6 {main}
CRITICAL - 2020-10-31 11:55:47 --> Allowed fields must be specified for model: App\Models\LahanModel
#0 D:\xampp\htdocs\SILOOMAN\vendor\codeigniter4\framework\system\Model.php(1265): CodeIgniter\Database\Exceptions\DataException::forInvalidAllowedFields('App\\Models\\Laha...')
#1 D:\xampp\htdocs\SILOOMAN\vendor\codeigniter4\framework\system\Model.php(735): CodeIgniter\Model->doProtectFields(Array)
#2 D:\xampp\htdocs\SILOOMAN\vendor\codeigniter4\framework\system\Model.php(574): CodeIgniter\Model->insert(Array, false)
#3 D:\xampp\htdocs\SILOOMAN\app\Controllers\Lahan.php(66): CodeIgniter\Model->save(Array)
#4 D:\xampp\htdocs\SILOOMAN\vendor\codeigniter4\framework\system\CodeIgniter.php(918): App\Controllers\Lahan->save()
#5 D:\xampp\htdocs\SILOOMAN\vendor\codeigniter4\framework\system\CodeIgniter.php(404): CodeIgniter\CodeIgniter->runController(Object(App\Controllers\Lahan))
#6 D:\xampp\htdocs\SILOOMAN\vendor\codeigniter4\framework\system\CodeIgniter.php(312): CodeIgniter\CodeIgniter->handleRequest(NULL, Object(Config\Cache), false)
#7 D:\xampp\htdocs\SILOOMAN\public\index.php(45): CodeIgniter\CodeIgniter->run()
#8 D:\xampp\htdocs\SILOOMAN\vendor\codeigniter4\framework\system\Commands\Server\rewrite.php(34): require_once('D:\\xampp\\htdocs...')
#9 {main}
CRITICAL - 2020-10-31 12:08:31 --> Unknown column 'created_at' in 'field list'
#0 D:\xampp\htdocs\SILOOMAN\vendor\codeigniter4\framework\system\Database\MySQLi\Connection.php(331): mysqli->query('INSERT INTO `la...')
#1 D:\xampp\htdocs\SILOOMAN\vendor\codeigniter4\framework\system\Database\BaseConnection.php(741): CodeIgniter\Database\MySQLi\Connection->execute('INSERT INTO `la...')
#2 D:\xampp\htdocs\SILOOMAN\vendor\codeigniter4\framework\system\Database\BaseConnection.php(669): CodeIgniter\Database\BaseConnection->simpleQuery('INSERT INTO `la...')
#3 D:\xampp\htdocs\SILOOMAN\vendor\codeigniter4\framework\system\Database\BaseBuilder.php(2249): CodeIgniter\Database\BaseConnection->query('INSERT INTO `la...', Array, false)
#4 D:\xampp\htdocs\SILOOMAN\vendor\codeigniter4\framework\system\Model.php(755): CodeIgniter\Database\BaseBuilder->insert()
#5 D:\xampp\htdocs\SILOOMAN\vendor\codeigniter4\framework\system\Model.php(574): CodeIgniter\Model->insert(Array, false)
#6 D:\xampp\htdocs\SILOOMAN\app\Controllers\Lahan.php(67): CodeIgniter\Model->save(Array)
#7 D:\xampp\htdocs\SILOOMAN\vendor\codeigniter4\framework\system\CodeIgniter.php(918): App\Controllers\Lahan->save()
#8 D:\xampp\htdocs\SILOOMAN\vendor\codeigniter4\framework\system\CodeIgniter.php(404): CodeIgniter\CodeIgniter->runController(Object(App\Controllers\Lahan))
#9 D:\xampp\htdocs\SILOOMAN\vendor\codeigniter4\framework\system\CodeIgniter.php(312): CodeIgniter\CodeIgniter->handleRequest(NULL, Object(Config\Cache), false)
#10 D:\xampp\htdocs\SILOOMAN\public\index.php(45): CodeIgniter\CodeIgniter->run()
#11 D:\xampp\htdocs\SILOOMAN\vendor\codeigniter4\framework\system\Commands\Server\rewrite.php(34): require_once('D:\\xampp\\htdocs...')
#12 {main}
CRITICAL - 2020-10-31 12:11:58 --> Unknown column 'created_at' in 'field list'
#0 D:\xampp\htdocs\SILOOMAN\vendor\codeigniter4\framework\system\Database\MySQLi\Connection.php(331): mysqli->query('INSERT INTO `la...')
#1 D:\xampp\htdocs\SILOOMAN\vendor\codeigniter4\framework\system\Database\BaseConnection.php(741): CodeIgniter\Database\MySQLi\Connection->execute('INSERT INTO `la...')
#2 D:\xampp\htdocs\SILOOMAN\vendor\codeigniter4\framework\system\Database\BaseConnection.php(669): CodeIgniter\Database\BaseConnection->simpleQuery('INSERT INTO `la...')
#3 D:\xampp\htdocs\SILOOMAN\vendor\codeigniter4\framework\system\Database\BaseBuilder.php(2249): CodeIgniter\Database\BaseConnection->query('INSERT INTO `la...', Array, false)
#4 D:\xampp\htdocs\SILOOMAN\vendor\codeigniter4\framework\system\Model.php(755): CodeIgniter\Database\BaseBuilder->insert()
#5 D:\xampp\htdocs\SILOOMAN\vendor\codeigniter4\framework\system\Model.php(574): CodeIgniter\Model->insert(Array, false)
#6 D:\xampp\htdocs\SILOOMAN\app\Controllers\Lahan.php(67): CodeIgniter\Model->save(Array)
#7 D:\xampp\htdocs\SILOOMAN\vendor\codeigniter4\framework\system\CodeIgniter.php(918): App\Controllers\Lahan->save()
#8 D:\xampp\htdocs\SILOOMAN\vendor\codeigniter4\framework\system\CodeIgniter.php(404): CodeIgniter\CodeIgniter->runController(Object(App\Controllers\Lahan))
#9 D:\xampp\htdocs\SILOOMAN\vendor\codeigniter4\framework\system\CodeIgniter.php(312): CodeIgniter\CodeIgniter->handleRequest(NULL, Object(Config\Cache), false)
#10 D:\xampp\htdocs\SILOOMAN\public\index.php(45): CodeIgniter\CodeIgniter->run()
#11 D:\xampp\htdocs\SILOOMAN\vendor\codeigniter4\framework\system\Commands\Server\rewrite.php(34): require_once('D:\\xampp\\htdocs...')
#12 {main}
CRITICAL - 2020-10-31 12:15:29 --> Unknown column 'created_at' in 'field list'
#0 D:\xampp\htdocs\SILOOMAN\vendor\codeigniter4\framework\system\Database\MySQLi\Connection.php(331): mysqli->query('INSERT INTO `la...')
#1 D:\xampp\htdocs\SILOOMAN\vendor\codeigniter4\framework\system\Database\BaseConnection.php(741): CodeIgniter\Database\MySQLi\Connection->execute('INSERT INTO `la...')
#2 D:\xampp\htdocs\SILOOMAN\vendor\codeigniter4\framework\system\Database\BaseConnection.php(669): CodeIgniter\Database\BaseConnection->simpleQuery('INSERT INTO `la...')
#3 D:\xampp\htdocs\SILOOMAN\vendor\codeigniter4\framework\system\Database\BaseBuilder.php(2249): CodeIgniter\Database\BaseConnection->query('INSERT INTO `la...', Array, false)
#4 D:\xampp\htdocs\SILOOMAN\vendor\codeigniter4\framework\system\Model.php(755): CodeIgniter\Database\BaseBuilder->insert()
#5 D:\xampp\htdocs\SILOOMAN\vendor\codeigniter4\framework\system\Model.php(574): CodeIgniter\Model->insert(Array, false)
#6 D:\xampp\htdocs\SILOOMAN\app\Controllers\Lahan.php(67): CodeIgniter\Model->save(Array)
#7 D:\xampp\htdocs\SILOOMAN\vendor\codeigniter4\framework\system\CodeIgniter.php(918): App\Controllers\Lahan->save()
#8 D:\xampp\htdocs\SILOOMAN\vendor\codeigniter4\framework\system\CodeIgniter.php(404): CodeIgniter\CodeIgniter->runController(Object(App\Controllers\Lahan))
#9 D:\xampp\htdocs\SILOOMAN\vendor\codeigniter4\framework\system\CodeIgniter.php(312): CodeIgniter\CodeIgniter->handleRequest(NULL, Object(Config\Cache), false)
#10 D:\xampp\htdocs\SILOOMAN\public\index.php(45): CodeIgniter\CodeIgniter->run()
#11 D:\xampp\htdocs\SILOOMAN\vendor\codeigniter4\framework\system\Commands\Server\rewrite.php(34): require_once('D:\\xampp\\htdocs...')
#12 {main}
CRITICAL - 2020-10-31 12:22:57 --> Unknown column 'created_at' in 'field list'
#0 D:\xampp\htdocs\SILOOMAN\vendor\codeigniter4\framework\system\Database\MySQLi\Connection.php(331): mysqli->query('INSERT INTO `la...')
#1 D:\xampp\htdocs\SILOOMAN\vendor\codeigniter4\framework\system\Database\BaseConnection.php(741): CodeIgniter\Database\MySQLi\Connection->execute('INSERT INTO `la...')
#2 D:\xampp\htdocs\SILOOMAN\vendor\codeigniter4\framework\system\Database\BaseConnection.php(669): CodeIgniter\Database\BaseConnection->simpleQuery('INSERT INTO `la...')
#3 D:\xampp\htdocs\SILOOMAN\vendor\codeigniter4\framework\system\Database\BaseBuilder.php(2249): CodeIgniter\Database\BaseConnection->query('INSERT INTO `la...', Array, false)
#4 D:\xampp\htdocs\SILOOMAN\vendor\codeigniter4\framework\system\Model.php(755): CodeIgniter\Database\BaseBuilder->insert()
#5 D:\xampp\htdocs\SILOOMAN\vendor\codeigniter4\framework\system\Model.php(574): CodeIgniter\Model->insert(Array, false)
#6 D:\xampp\htdocs\SILOOMAN\app\Controllers\Lahan.php(67): CodeIgniter\Model->save(Array)
#7 D:\xampp\htdocs\SILOOMAN\vendor\codeigniter4\framework\system\CodeIgniter.php(918): App\Controllers\Lahan->save()
#8 D:\xampp\htdocs\SILOOMAN\vendor\codeigniter4\framework\system\CodeIgniter.php(404): CodeIgniter\CodeIgniter->runController(Object(App\Controllers\Lahan))
#9 D:\xampp\htdocs\SILOOMAN\vendor\codeigniter4\framework\system\CodeIgniter.php(312): CodeIgniter\CodeIgniter->handleRequest(NULL, Object(Config\Cache), false)
#10 D:\xampp\htdocs\SILOOMAN\public\index.php(45): CodeIgniter\CodeIgniter->run()
#11 D:\xampp\htdocs\SILOOMAN\vendor\codeigniter4\framework\system\Commands\Server\rewrite.php(34): require_once('D:\\xampp\\htdocs...')
#12 {main}
CRITICAL - 2020-10-31 12:24:40 --> Unknown column 'created_at' in 'field list'
#0 D:\xampp\htdocs\SILOOMAN\vendor\codeigniter4\framework\system\Database\MySQLi\Connection.php(331): mysqli->query('INSERT INTO `la...')
#1 D:\xampp\htdocs\SILOOMAN\vendor\codeigniter4\framework\system\Database\BaseConnection.php(741): CodeIgniter\Database\MySQLi\Connection->execute('INSERT INTO `la...')
#2 D:\xampp\htdocs\SILOOMAN\vendor\codeigniter4\framework\system\Database\BaseConnection.php(669): CodeIgniter\Database\BaseConnection->simpleQuery('INSERT INTO `la...')
#3 D:\xampp\htdocs\SILOOMAN\vendor\codeigniter4\framework\system\Database\BaseBuilder.php(2249): CodeIgniter\Database\BaseConnection->query('INSERT INTO `la...', Array, false)
#4 D:\xampp\htdocs\SILOOMAN\vendor\codeigniter4\framework\system\Model.php(755): CodeIgniter\Database\BaseBuilder->insert()
#5 D:\xampp\htdocs\SILOOMAN\vendor\codeigniter4\framework\system\Model.php(574): CodeIgniter\Model->insert(Array, false)
#6 D:\xampp\htdocs\SILOOMAN\app\Controllers\Lahan.php(67): CodeIgniter\Model->save(Array)
#7 D:\xampp\htdocs\SILOOMAN\vendor\codeigniter4\framework\system\CodeIgniter.php(918): App\Controllers\Lahan->save()
#8 D:\xampp\htdocs\SILOOMAN\vendor\codeigniter4\framework\system\CodeIgniter.php(404): CodeIgniter\CodeIgniter->runController(Object(App\Controllers\Lahan))
#9 D:\xampp\htdocs\SILOOMAN\vendor\codeigniter4\framework\system\CodeIgniter.php(312): CodeIgniter\CodeIgniter->handleRequest(NULL, Object(Config\Cache), false)
#10 D:\xampp\htdocs\SILOOMAN\public\index.php(45): CodeIgniter\CodeIgniter->run()
#11 D:\xampp\htdocs\SILOOMAN\vendor\codeigniter4\framework\system\Commands\Server\rewrite.php(34): require_once('D:\\xampp\\htdocs...')
#12 {main}
CRITICAL - 2020-10-31 12:28:13 --> Unknown column 'created_at' in 'field list'
#0 D:\xampp\htdocs\SILOOMAN\vendor\codeigniter4\framework\system\Database\MySQLi\Connection.php(331): mysqli->query('INSERT INTO `la...')
#1 D:\xampp\htdocs\SILOOMAN\vendor\codeigniter4\framework\system\Database\BaseConnection.php(741): CodeIgniter\Database\MySQLi\Connection->execute('INSERT INTO `la...')
#2 D:\xampp\htdocs\SILOOMAN\vendor\codeigniter4\framework\system\Database\BaseConnection.php(669): CodeIgniter\Database\BaseConnection->simpleQuery('INSERT INTO `la...')
#3 D:\xampp\htdocs\SILOOMAN\vendor\codeigniter4\framework\system\Database\BaseBuilder.php(2249): CodeIgniter\Database\BaseConnection->query('INSERT INTO `la...', Array, false)
#4 D:\xampp\htdocs\SILOOMAN\vendor\codeigniter4\framework\system\Model.php(755): CodeIgniter\Database\BaseBuilder->insert()
#5 D:\xampp\htdocs\SILOOMAN\vendor\codeigniter4\framework\system\Model.php(574): CodeIgniter\Model->insert(Array, false)
#6 D:\xampp\htdocs\SILOOMAN\app\Controllers\Lahan.php(67): CodeIgniter\Model->save(Array)
#7 D:\xampp\htdocs\SILOOMAN\vendor\codeigniter4\framework\system\CodeIgniter.php(918): App\Controllers\Lahan->save()
#8 D:\xampp\htdocs\SILOOMAN\vendor\codeigniter4\framework\system\CodeIgniter.php(404): CodeIgniter\CodeIgniter->runController(Object(App\Controllers\Lahan))
#9 D:\xampp\htdocs\SILOOMAN\vendor\codeigniter4\framework\system\CodeIgniter.php(312): CodeIgniter\CodeIgniter->handleRequest(NULL, Object(Config\Cache), false)
#10 D:\xampp\htdocs\SILOOMAN\public\index.php(45): CodeIgniter\CodeIgniter->run()
#11 D:\xampp\htdocs\SILOOMAN\vendor\codeigniter4\framework\system\Commands\Server\rewrite.php(34): require_once('D:\\xampp\\htdocs...')
#12 {main}
CRITICAL - 2020-10-31 13:00:03 --> Unknown column 'created_at' in 'field list'
#0 D:\xampp\htdocs\SILOOMAN\vendor\codeigniter4\framework\system\Database\MySQLi\Connection.php(331): mysqli->query('INSERT INTO `la...')
#1 D:\xampp\htdocs\SILOOMAN\vendor\codeigniter4\framework\system\Database\BaseConnection.php(741): CodeIgniter\Database\MySQLi\Connection->execute('INSERT INTO `la...')
#2 D:\xampp\htdocs\SILOOMAN\vendor\codeigniter4\framework\system\Database\BaseConnection.php(669): CodeIgniter\Database\BaseConnection->simpleQuery('INSERT INTO `la...')
#3 D:\xampp\htdocs\SILOOMAN\vendor\codeigniter4\framework\system\Database\BaseBuilder.php(2249): CodeIgniter\Database\BaseConnection->query('INSERT INTO `la...', Array, false)
#4 D:\xampp\htdocs\SILOOMAN\vendor\codeigniter4\framework\system\Model.php(755): CodeIgniter\Database\BaseBuilder->insert()
#5 D:\xampp\htdocs\SILOOMAN\vendor\codeigniter4\framework\system\Model.php(574): CodeIgniter\Model->insert(Array, false)
#6 D:\xampp\htdocs\SILOOMAN\app\Controllers\Lahan.php(67): CodeIgniter\Model->save(Array)
#7 D:\xampp\htdocs\SILOOMAN\vendor\codeigniter4\framework\system\CodeIgniter.php(918): App\Controllers\Lahan->save()
#8 D:\xampp\htdocs\SILOOMAN\vendor\codeigniter4\framework\system\CodeIgniter.php(404): CodeIgniter\CodeIgniter->runController(Object(App\Controllers\Lahan))
#9 D:\xampp\htdocs\SILOOMAN\vendor\codeigniter4\framework\system\CodeIgniter.php(312): CodeIgniter\CodeIgniter->handleRequest(NULL, Object(Config\Cache), false)
#10 D:\xampp\htdocs\SILOOMAN\public\index.php(45): CodeIgniter\CodeIgniter->run()
#11 D:\xampp\htdocs\SILOOMAN\vendor\codeigniter4\framework\system\Commands\Server\rewrite.php(34): require_once('D:\\xampp\\htdocs...')
#12 {main}
CRITICAL - 2020-10-31 13:01:25 --> Unknown column 'created_at' in 'field list'
#0 D:\xampp\htdocs\SILOOMAN\vendor\codeigniter4\framework\system\Database\MySQLi\Connection.php(331): mysqli->query('INSERT INTO `la...')
#1 D:\xampp\htdocs\SILOOMAN\vendor\codeigniter4\framework\system\Database\BaseConnection.php(741): CodeIgniter\Database\MySQLi\Connection->execute('INSERT INTO `la...')
#2 D:\xampp\htdocs\SILOOMAN\vendor\codeigniter4\framework\system\Database\BaseConnection.php(669): CodeIgniter\Database\BaseConnection->simpleQuery('INSERT INTO `la...')
#3 D:\xampp\htdocs\SILOOMAN\vendor\codeigniter4\framework\system\Database\BaseBuilder.php(2249): CodeIgniter\Database\BaseConnection->query('INSERT INTO `la...', Array, false)
#4 D:\xampp\htdocs\SILOOMAN\vendor\codeigniter4\framework\system\Model.php(755): CodeIgniter\Database\BaseBuilder->insert()
#5 D:\xampp\htdocs\SILOOMAN\vendor\codeigniter4\framework\system\Model.php(574): CodeIgniter\Model->insert(Array, false)
#6 D:\xampp\htdocs\SILOOMAN\app\Controllers\Lahan.php(67): CodeIgniter\Model->save(Array)
#7 D:\xampp\htdocs\SILOOMAN\vendor\codeigniter4\framework\system\CodeIgniter.php(918): App\Controllers\Lahan->save()
#8 D:\xampp\htdocs\SILOOMAN\vendor\codeigniter4\framework\system\CodeIgniter.php(404): CodeIgniter\CodeIgniter->runController(Object(App\Controllers\Lahan))
#9 D:\xampp\htdocs\SILOOMAN\vendor\codeigniter4\framework\system\CodeIgniter.php(312): CodeIgniter\CodeIgniter->handleRequest(NULL, Object(Config\Cache), false)
#10 D:\xampp\htdocs\SILOOMAN\public\index.php(45): CodeIgniter\CodeIgniter->run()
#11 D:\xampp\htdocs\SILOOMAN\vendor\codeigniter4\framework\system\Commands\Server\rewrite.php(34): require_once('D:\\xampp\\htdocs...')
#12 {main}
CRITICAL - 2020-10-31 13:02:14 --> Unknown column 'created_at' in 'field list'
#0 D:\xampp\htdocs\SILOOMAN\vendor\codeigniter4\framework\system\Database\MySQLi\Connection.php(331): mysqli->query('INSERT INTO `la...')
#1 D:\xampp\htdocs\SILOOMAN\vendor\codeigniter4\framework\system\Database\BaseConnection.php(741): CodeIgniter\Database\MySQLi\Connection->execute('INSERT INTO `la...')
#2 D:\xampp\htdocs\SILOOMAN\vendor\codeigniter4\framework\system\Database\BaseConnection.php(669): CodeIgniter\Database\BaseConnection->simpleQuery('INSERT INTO `la...')
#3 D:\xampp\htdocs\SILOOMAN\vendor\codeigniter4\framework\system\Database\BaseBuilder.php(2249): CodeIgniter\Database\BaseConnection->query('INSERT INTO `la...', Array, false)
#4 D:\xampp\htdocs\SILOOMAN\vendor\codeigniter4\framework\system\Model.php(755): CodeIgniter\Database\BaseBuilder->insert()
#5 D:\xampp\htdocs\SILOOMAN\vendor\codeigniter4\framework\system\Model.php(574): CodeIgniter\Model->insert(Array, false)
#6 D:\xampp\htdocs\SILOOMAN\app\Controllers\Lahan.php(67): CodeIgniter\Model->save(Array)
#7 D:\xampp\htdocs\SILOOMAN\vendor\codeigniter4\framework\system\CodeIgniter.php(918): App\Controllers\Lahan->save()
#8 D:\xampp\htdocs\SILOOMAN\vendor\codeigniter4\framework\system\CodeIgniter.php(404): CodeIgniter\CodeIgniter->runController(Object(App\Controllers\Lahan))
#9 D:\xampp\htdocs\SILOOMAN\vendor\codeigniter4\framework\system\CodeIgniter.php(312): CodeIgniter\CodeIgniter->handleRequest(NULL, Object(Config\Cache), false)
#10 D:\xampp\htdocs\SILOOMAN\public\index.php(45): CodeIgniter\CodeIgniter->run()
#11 D:\xampp\htdocs\SILOOMAN\vendor\codeigniter4\framework\system\Commands\Server\rewrite.php(34): require_once('D:\\xampp\\htdocs...')
#12 {main}
CRITICAL - 2020-10-31 13:03:21 --> Unknown column 'created_at' in 'field list'
#0 D:\xampp\htdocs\SILOOMAN\vendor\codeigniter4\framework\system\Database\MySQLi\Connection.php(331): mysqli->query('INSERT INTO `la...')
#1 D:\xampp\htdocs\SILOOMAN\vendor\codeigniter4\framework\system\Database\BaseConnection.php(741): CodeIgniter\Database\MySQLi\Connection->execute('INSERT INTO `la...')
#2 D:\xampp\htdocs\SILOOMAN\vendor\codeigniter4\framework\system\Database\BaseConnection.php(669): CodeIgniter\Database\BaseConnection->simpleQuery('INSERT INTO `la...')
#3 D:\xampp\htdocs\SILOOMAN\vendor\codeigniter4\framework\system\Database\BaseBuilder.php(2249): CodeIgniter\Database\BaseConnection->query('INSERT INTO `la...', Array, false)
#4 D:\xampp\htdocs\SILOOMAN\vendor\codeigniter4\framework\system\Model.php(755): CodeIgniter\Database\BaseBuilder->insert()
#5 D:\xampp\htdocs\SILOOMAN\vendor\codeigniter4\framework\system\Model.php(574): CodeIgniter\Model->insert(Array, false)
#6 D:\xampp\htdocs\SILOOMAN\app\Controllers\Lahan.php(67): CodeIgniter\Model->save(Array)
#7 D:\xampp\htdocs\SILOOMAN\vendor\codeigniter4\framework\system\CodeIgniter.php(918): App\Controllers\Lahan->save()
#8 D:\xampp\htdocs\SILOOMAN\vendor\codeigniter4\framework\system\CodeIgniter.php(404): CodeIgniter\CodeIgniter->runController(Object(App\Controllers\Lahan))
#9 D:\xampp\htdocs\SILOOMAN\vendor\codeigniter4\framework\system\CodeIgniter.php(312): CodeIgniter\CodeIgniter->handleRequest(NULL, Object(Config\Cache), false)
#10 D:\xampp\htdocs\SILOOMAN\public\index.php(45): CodeIgniter\CodeIgniter->run()
#11 D:\xampp\htdocs\SILOOMAN\vendor\codeigniter4\framework\system\Commands\Server\rewrite.php(34): require_once('D:\\xampp\\htdocs...')
#12 {main}
CRITICAL - 2020-10-31 13:03:33 --> Unknown column 'created_at' in 'field list'
#0 D:\xampp\htdocs\SILOOMAN\vendor\codeigniter4\framework\system\Database\MySQLi\Connection.php(331): mysqli->query('INSERT INTO `la...')
#1 D:\xampp\htdocs\SILOOMAN\vendor\codeigniter4\framework\system\Database\BaseConnection.php(741): CodeIgniter\Database\MySQLi\Connection->execute('INSERT INTO `la...')
#2 D:\xampp\htdocs\SILOOMAN\vendor\codeigniter4\framework\system\Database\BaseConnection.php(669): CodeIgniter\Database\BaseConnection->simpleQuery('INSERT INTO `la...')
#3 D:\xampp\htdocs\SILOOMAN\vendor\codeigniter4\framework\system\Database\BaseBuilder.php(2249): CodeIgniter\Database\BaseConnection->query('INSERT INTO `la...', Array, false)
#4 D:\xampp\htdocs\SILOOMAN\vendor\codeigniter4\framework\system\Model.php(755): CodeIgniter\Database\BaseBuilder->insert()
#5 D:\xampp\htdocs\SILOOMAN\vendor\codeigniter4\framework\system\Model.php(574): CodeIgniter\Model->insert(Array, false)
#6 D:\xampp\htdocs\SILOOMAN\app\Controllers\Lahan.php(67): CodeIgniter\Model->save(Array)
#7 D:\xampp\htdocs\SILOOMAN\vendor\codeigniter4\framework\system\CodeIgniter.php(918): App\Controllers\Lahan->save()
#8 D:\xampp\htdocs\SILOOMAN\vendor\codeigniter4\framework\system\CodeIgniter.php(404): CodeIgniter\CodeIgniter->runController(Object(App\Controllers\Lahan))
#9 D:\xampp\htdocs\SILOOMAN\vendor\codeigniter4\framework\system\CodeIgniter.php(312): CodeIgniter\CodeIgniter->handleRequest(NULL, Object(Config\Cache), false)
#10 D:\xampp\htdocs\SILOOMAN\public\index.php(45): CodeIgniter\CodeIgniter->run()
#11 D:\xampp\htdocs\SILOOMAN\vendor\codeigniter4\framework\system\Commands\Server\rewrite.php(34): require_once('D:\\xampp\\htdocs...')
#12 {main}
CRITICAL - 2020-10-31 22:07:35 --> Unable to connect to the database.
#0 D:\xampp\htdocs\SILOOMAN\vendor\codeigniter4\framework\system\Database\BaseConnection.php(646): CodeIgniter\Database\BaseConnection->initialize()
#1 D:\xampp\htdocs\SILOOMAN\vendor\codeigniter4\framework\system\Database\BaseBuilder.php(1860): CodeIgniter\Database\BaseConnection->query('SELECT *\nFROM `...', Array, false)
#2 D:\xampp\htdocs\SILOOMAN\vendor\codeigniter4\framework\system\Model.php(462): CodeIgniter\Database\BaseBuilder->get()
#3 D:\xampp\htdocs\SILOOMAN\app\Models\LahanModel.php(16): CodeIgniter\Model->findAll()
#4 D:\xampp\htdocs\SILOOMAN\app\Controllers\Lahan.php(21): App\Models\LahanModel->getLahan()
#5 D:\xampp\htdocs\SILOOMAN\vendor\codeigniter4\framework\system\CodeIgniter.php(918): App\Controllers\Lahan->index()
#6 D:\xampp\htdocs\SILOOMAN\vendor\codeigniter4\framework\system\CodeIgniter.php(404): CodeIgniter\CodeIgniter->runController(Object(App\Controllers\Lahan))
#7 D:\xampp\htdocs\SILOOMAN\vendor\codeigniter4\framework\system\CodeIgniter.php(312): CodeIgniter\CodeIgniter->handleRequest(NULL, Object(Config\Cache), false)
#8 D:\xampp\htdocs\SILOOMAN\public\index.php(45): CodeIgniter\CodeIgniter->run()
#9 D:\xampp\htdocs\SILOOMAN\vendor\codeigniter4\framework\system\Commands\Server\rewrite.php(34): require_once('D:\\xampp\\htdocs...')
#10 {main}
CRITICAL - 2020-10-31 22:07:36 --> Uncaught ErrorException: print_r(): Property access is not allowed yet in D:\xampp\htdocs\SILOOMAN\app\Views\errors\html\error_exception.php:100
Stack trace:
#0 [internal function]: CodeIgniter\Debug\Exceptions->errorHandler(2, 'print_r(): Prop...', 'D:\\xampp\\htdocs...', 100, Array)
#1 D:\xampp\htdocs\SILOOMAN\app\Views\errors\html\error_exception.php(100): print_r(Object(App\Controllers\Lahan), true)
#2 D:\xampp\htdocs\SILOOMAN\vendor\codeigniter4\framework\system\Debug\Exceptions.php(308): include('D:\\xampp\\htdocs...')
#3 D:\xampp\htdocs\SILOOMAN\vendor\codeigniter4\framework\system\Debug\Exceptions.php(174): CodeIgniter\Debug\Exceptions->render(Object(CodeIgniter\Database\Exceptions\DatabaseException), 500)
#4 [internal function]: CodeIgniter\Debug\Exceptions->exceptionHandler(Object(CodeIgniter\Database\Exceptions\DatabaseException))
#5 {main}
  thrown
#0 [internal function]: CodeIgniter\Debug\Exceptions->shutdownHandler()
#1 {main}
CRITICAL - 2020-10-31 22:08:13 --> Unknown column 'created_at' in 'field list'
#0 D:\xampp\htdocs\SILOOMAN\vendor\codeigniter4\framework\system\Database\MySQLi\Connection.php(331): mysqli->query('INSERT INTO `la...')
#1 D:\xampp\htdocs\SILOOMAN\vendor\codeigniter4\framework\system\Database\BaseConnection.php(741): CodeIgniter\Database\MySQLi\Connection->execute('INSERT INTO `la...')
#2 D:\xampp\htdocs\SILOOMAN\vendor\codeigniter4\framework\system\Database\BaseConnection.php(669): CodeIgniter\Database\BaseConnection->simpleQuery('INSERT INTO `la...')
#3 D:\xampp\htdocs\SILOOMAN\vendor\codeigniter4\framework\system\Database\BaseBuilder.php(2249): CodeIgniter\Database\BaseConnection->query('INSERT INTO `la...', Array, false)
#4 D:\xampp\htdocs\SILOOMAN\vendor\codeigniter4\framework\system\Model.php(755): CodeIgniter\Database\BaseBuilder->insert()
#5 D:\xampp\htdocs\SILOOMAN\vendor\codeigniter4\framework\system\Model.php(574): CodeIgniter\Model->insert(Array, false)
#6 D:\xampp\htdocs\SILOOMAN\app\Controllers\Lahan.php(67): CodeIgniter\Model->save(Array)
#7 D:\xampp\htdocs\SILOOMAN\vendor\codeigniter4\framework\system\CodeIgniter.php(918): App\Controllers\Lahan->save()
#8 D:\xampp\htdocs\SILOOMAN\vendor\codeigniter4\framework\system\CodeIgniter.php(404): CodeIgniter\CodeIgniter->runController(Object(App\Controllers\Lahan))
#9 D:\xampp\htdocs\SILOOMAN\vendor\codeigniter4\framework\system\CodeIgniter.php(312): CodeIgniter\CodeIgniter->handleRequest(NULL, Object(Config\Cache), false)
#10 D:\xampp\htdocs\SILOOMAN\public\index.php(45): CodeIgniter\CodeIgniter->run()
#11 D:\xampp\htdocs\SILOOMAN\vendor\codeigniter4\framework\system\Commands\Server\rewrite.php(34): require_once('D:\\xampp\\htdocs...')
#12 {main}
CRITICAL - 2020-10-31 22:16:36 --> Unknown column 'created_at' in 'field list'
#0 D:\xampp\htdocs\SILOOMAN\vendor\codeigniter4\framework\system\Database\MySQLi\Connection.php(331): mysqli->query('INSERT INTO `la...')
#1 D:\xampp\htdocs\SILOOMAN\vendor\codeigniter4\framework\system\Database\BaseConnection.php(741): CodeIgniter\Database\MySQLi\Connection->execute('INSERT INTO `la...')
#2 D:\xampp\htdocs\SILOOMAN\vendor\codeigniter4\framework\system\Database\BaseConnection.php(669): CodeIgniter\Database\BaseConnection->simpleQuery('INSERT INTO `la...')
#3 D:\xampp\htdocs\SILOOMAN\vendor\codeigniter4\framework\system\Database\BaseBuilder.php(2249): CodeIgniter\Database\BaseConnection->query('INSERT INTO `la...', Array, false)
#4 D:\xampp\htdocs\SILOOMAN\vendor\codeigniter4\framework\system\Model.php(755): CodeIgniter\Database\BaseBuilder->insert()
#5 D:\xampp\htdocs\SILOOMAN\vendor\codeigniter4\framework\system\Model.php(574): CodeIgniter\Model->insert(Array, false)
#6 D:\xampp\htdocs\SILOOMAN\app\Controllers\Lahan.php(67): CodeIgniter\Model->save(Array)
#7 D:\xampp\htdocs\SILOOMAN\vendor\codeigniter4\framework\system\CodeIgniter.php(918): App\Controllers\Lahan->save()
#8 D:\xampp\htdocs\SILOOMAN\vendor\codeigniter4\framework\system\CodeIgniter.php(404): CodeIgniter\CodeIgniter->runController(Object(App\Controllers\Lahan))
#9 D:\xampp\htdocs\SILOOMAN\vendor\codeigniter4\framework\system\CodeIgniter.php(312): CodeIgniter\CodeIgniter->handleRequest(NULL, Object(Config\Cache), false)
#10 D:\xampp\htdocs\SILOOMAN\public\index.php(45): CodeIgniter\CodeIgniter->run()
#11 D:\xampp\htdocs\SILOOMAN\vendor\codeigniter4\framework\system\Commands\Server\rewrite.php(34): require_once('D:\\xampp\\htdocs...')
#12 {main}
CRITICAL - 2020-10-31 22:23:17 --> Unknown column 'created_at' in 'field list'
#0 D:\xampp\htdocs\SILOOMAN\vendor\codeigniter4\framework\system\Database\MySQLi\Connection.php(331): mysqli->query('INSERT INTO `la...')
#1 D:\xampp\htdocs\SILOOMAN\vendor\codeigniter4\framework\system\Database\BaseConnection.php(741): CodeIgniter\Database\MySQLi\Connection->execute('INSERT INTO `la...')
#2 D:\xampp\htdocs\SILOOMAN\vendor\codeigniter4\framework\system\Database\BaseConnection.php(669): CodeIgniter\Database\BaseConnection->simpleQuery('INSERT INTO `la...')
#3 D:\xampp\htdocs\SILOOMAN\vendor\codeigniter4\framework\system\Database\BaseBuilder.php(2249): CodeIgniter\Database\BaseConnection->query('INSERT INTO `la...', Array, false)
#4 D:\xampp\htdocs\SILOOMAN\vendor\codeigniter4\framework\system\Model.php(755): CodeIgniter\Database\BaseBuilder->insert()
#5 D:\xampp\htdocs\SILOOMAN\vendor\codeigniter4\framework\system\Model.php(574): CodeIgniter\Model->insert(Array, false)
#6 D:\xampp\htdocs\SILOOMAN\app\Controllers\Lahan.php(67): CodeIgniter\Model->save(Array)
#7 D:\xampp\htdocs\SILOOMAN\vendor\codeigniter4\framework\system\CodeIgniter.php(918): App\Controllers\Lahan->save()
#8 D:\xampp\htdocs\SILOOMAN\vendor\codeigniter4\framework\system\CodeIgniter.php(404): CodeIgniter\CodeIgniter->runController(Object(App\Controllers\Lahan))
#9 D:\xampp\htdocs\SILOOMAN\vendor\codeigniter4\framework\system\CodeIgniter.php(312): CodeIgniter\CodeIgniter->handleRequest(NULL, Object(Config\Cache), false)
#10 D:\xampp\htdocs\SILOOMAN\public\index.php(45): CodeIgniter\CodeIgniter->run()
#11 D:\xampp\htdocs\SILOOMAN\vendor\codeigniter4\framework\system\Commands\Server\rewrite.php(34): require_once('D:\\xampp\\htdocs...')
#12 {main}
CRITICAL - 2020-10-31 22:24:57 --> Unknown column 'created_at' in 'field list'
#0 D:\xampp\htdocs\SILOOMAN\vendor\codeigniter4\framework\system\Database\MySQLi\Connection.php(331): mysqli->query('INSERT INTO `la...')
#1 D:\xampp\htdocs\SILOOMAN\vendor\codeigniter4\framework\system\Database\BaseConnection.php(741): CodeIgniter\Database\MySQLi\Connection->execute('INSERT INTO `la...')
#2 D:\xampp\htdocs\SILOOMAN\vendor\codeigniter4\framework\system\Database\BaseConnection.php(669): CodeIgniter\Database\BaseConnection->simpleQuery('INSERT INTO `la...')
#3 D:\xampp\htdocs\SILOOMAN\vendor\codeigniter4\framework\system\Database\BaseBuilder.php(2249): CodeIgniter\Database\BaseConnection->query('INSERT INTO `la...', Array, false)
#4 D:\xampp\htdocs\SILOOMAN\vendor\codeigniter4\framework\system\Model.php(755): CodeIgniter\Database\BaseBuilder->insert()
#5 D:\xampp\htdocs\SILOOMAN\vendor\codeigniter4\framework\system\Model.php(574): CodeIgniter\Model->insert(Array, false)
#6 D:\xampp\htdocs\SILOOMAN\app\Controllers\Lahan.php(67): CodeIgniter\Model->save(Array)
#7 D:\xampp\htdocs\SILOOMAN\vendor\codeigniter4\framework\system\CodeIgniter.php(918): App\Controllers\Lahan->save()
#8 D:\xampp\htdocs\SILOOMAN\vendor\codeigniter4\framework\system\CodeIgniter.php(404): CodeIgniter\CodeIgniter->runController(Object(App\Controllers\Lahan))
#9 D:\xampp\htdocs\SILOOMAN\vendor\codeigniter4\framework\system\CodeIgniter.php(312): CodeIgniter\CodeIgniter->handleRequest(NULL, Object(Config\Cache), false)
#10 D:\xampp\htdocs\SILOOMAN\public\index.php(45): CodeIgniter\CodeIgniter->run()
#11 D:\xampp\htdocs\SILOOMAN\vendor\codeigniter4\framework\system\Commands\Server\rewrite.php(34): require_once('D:\\xampp\\htdocs...')
#12 {main}
CRITICAL - 2020-10-31 22:34:13 --> Unknown column 'created_at' in 'field list'
#0 D:\xampp\htdocs\SILOOMAN\vendor\codeigniter4\framework\system\Database\MySQLi\Connection.php(331): mysqli->query('INSERT INTO `la...')
#1 D:\xampp\htdocs\SILOOMAN\vendor\codeigniter4\framework\system\Database\BaseConnection.php(741): CodeIgniter\Database\MySQLi\Connection->execute('INSERT INTO `la...')
#2 D:\xampp\htdocs\SILOOMAN\vendor\codeigniter4\framework\system\Database\BaseConnection.php(669): CodeIgniter\Database\BaseConnection->simpleQuery('INSERT INTO `la...')
#3 D:\xampp\htdocs\SILOOMAN\vendor\codeigniter4\framework\system\Database\BaseBuilder.php(2249): CodeIgniter\Database\BaseConnection->query('INSERT INTO `la...', Array, false)
#4 D:\xampp\htdocs\SILOOMAN\vendor\codeigniter4\framework\system\Model.php(755): CodeIgniter\Database\BaseBuilder->insert()
#5 D:\xampp\htdocs\SILOOMAN\vendor\codeigniter4\framework\system\Model.php(574): CodeIgniter\Model->insert(Array, false)
#6 D:\xampp\htdocs\SILOOMAN\app\Controllers\Lahan.php(67): CodeIgniter\Model->save(Array)
#7 D:\xampp\htdocs\SILOOMAN\vendor\codeigniter4\framework\system\CodeIgniter.php(918): App\Controllers\Lahan->save()
#8 D:\xampp\htdocs\SILOOMAN\vendor\codeigniter4\framework\system\CodeIgniter.php(404): CodeIgniter\CodeIgniter->runController(Object(App\Controllers\Lahan))
#9 D:\xampp\htdocs\SILOOMAN\vendor\codeigniter4\framework\system\CodeIgniter.php(312): CodeIgniter\CodeIgniter->handleRequest(NULL, Object(Config\Cache), false)
#10 D:\xampp\htdocs\SILOOMAN\public\index.php(45): CodeIgniter\CodeIgniter->run()
#11 D:\xampp\htdocs\SILOOMAN\vendor\codeigniter4\framework\system\Commands\Server\rewrite.php(34): require_once('D:\\xampp\\htdocs...')
#12 {main}
CRITICAL - 2020-10-31 22:34:52 --> Unknown column 'updated_at' in 'field list'
#0 D:\xampp\htdocs\SILOOMAN\vendor\codeigniter4\framework\system\Database\MySQLi\Connection.php(331): mysqli->query('INSERT INTO `la...')
#1 D:\xampp\htdocs\SILOOMAN\vendor\codeigniter4\framework\system\Database\BaseConnection.php(741): CodeIgniter\Database\MySQLi\Connection->execute('INSERT INTO `la...')
#2 D:\xampp\htdocs\SILOOMAN\vendor\codeigniter4\framework\system\Database\BaseConnection.php(669): CodeIgniter\Database\BaseConnection->simpleQuery('INSERT INTO `la...')
#3 D:\xampp\htdocs\SILOOMAN\vendor\codeigniter4\framework\system\Database\BaseBuilder.php(2249): CodeIgniter\Database\BaseConnection->query('INSERT INTO `la...', Array, false)
#4 D:\xampp\htdocs\SILOOMAN\vendor\codeigniter4\framework\system\Model.php(755): CodeIgniter\Database\BaseBuilder->insert()
#5 D:\xampp\htdocs\SILOOMAN\vendor\codeigniter4\framework\system\Model.php(574): CodeIgniter\Model->insert(Array, false)
#6 D:\xampp\htdocs\SILOOMAN\app\Controllers\Lahan.php(67): CodeIgniter\Model->save(Array)
#7 D:\xampp\htdocs\SILOOMAN\vendor\codeigniter4\framework\system\CodeIgniter.php(918): App\Controllers\Lahan->save()
#8 D:\xampp\htdocs\SILOOMAN\vendor\codeigniter4\framework\system\CodeIgniter.php(404): CodeIgniter\CodeIgniter->runController(Object(App\Controllers\Lahan))
#9 D:\xampp\htdocs\SILOOMAN\vendor\codeigniter4\framework\system\CodeIgniter.php(312): CodeIgniter\CodeIgniter->handleRequest(NULL, Object(Config\Cache), false)
#10 D:\xampp\htdocs\SILOOMAN\public\index.php(45): CodeIgniter\CodeIgniter->run()
#11 D:\xampp\htdocs\SILOOMAN\vendor\codeigniter4\framework\system\Commands\Server\rewrite.php(34): require_once('D:\\xampp\\htdocs...')
#12 {main}
