CRITICAL - 2020-11-01 09:35:26 --> Undefined index: penulis
#0 D:\xampp\htdocs\SILOOMAN\app\Views\lahan\edit.php(19): CodeIgniter\Debug\Exceptions->errorHandler(8, 'Undefined index...', 'D:\\xampp\\htdocs...', 19, Array)
#1 D:\xampp\htdocs\SILOOMAN\vendor\codeigniter4\framework\system\View\View.php(246): include('D:\\xampp\\htdocs...')
#2 D:\xampp\htdocs\SILOOMAN\vendor\codeigniter4\framework\system\Common.php(1119): CodeIgniter\View\View->render('lahan/edit', Array, true)
#3 D:\xampp\htdocs\SILOOMAN\app\Controllers\Lahan.php(82): view('lahan/edit', Array)
#4 D:\xampp\htdocs\SILOOMAN\vendor\codeigniter4\framework\system\CodeIgniter.php(918): App\Controllers\Lahan->edit('1')
#5 D:\xampp\htdocs\SILOOMAN\vendor\codeigniter4\framework\system\CodeIgniter.php(404): CodeIgniter\CodeIgniter->runController(Object(App\Controllers\Lahan))
#6 D:\xampp\htdocs\SILOOMAN\vendor\codeigniter4\framework\system\CodeIgniter.php(312): CodeIgniter\CodeIgniter->handleRequest(NULL, Object(Config\Cache), false)
#7 D:\xampp\htdocs\SILOOMAN\public\index.php(45): CodeIgniter\CodeIgniter->run()
#8 D:\xampp\htdocs\SILOOMAN\vendor\codeigniter4\framework\system\Commands\Server\rewrite.php(34): require_once('D:\\xampp\\htdocs...')
#9 {main}
CRITICAL - 2020-11-01 09:35:38 --> Undefined index: penulis
#0 D:\xampp\htdocs\SILOOMAN\app\Views\lahan\edit.php(19): CodeIgniter\Debug\Exceptions->errorHandler(8, 'Undefined index...', 'D:\\xampp\\htdocs...', 19, Array)
#1 D:\xampp\htdocs\SILOOMAN\vendor\codeigniter4\framework\system\View\View.php(246): include('D:\\xampp\\htdocs...')
#2 D:\xampp\htdocs\SILOOMAN\vendor\codeigniter4\framework\system\Common.php(1119): CodeIgniter\View\View->render('lahan/edit', Array, true)
#3 D:\xampp\htdocs\SILOOMAN\app\Controllers\Lahan.php(82): view('lahan/edit', Array)
#4 D:\xampp\htdocs\SILOOMAN\vendor\codeigniter4\framework\system\CodeIgniter.php(918): App\Controllers\Lahan->edit('1')
#5 D:\xampp\htdocs\SILOOMAN\vendor\codeigniter4\framework\system\CodeIgniter.php(404): CodeIgniter\CodeIgniter->runController(Object(App\Controllers\Lahan))
#6 D:\xampp\htdocs\SILOOMAN\vendor\codeigniter4\framework\system\CodeIgniter.php(312): CodeIgniter\CodeIgniter->handleRequest(NULL, Object(Config\Cache), false)
#7 D:\xampp\htdocs\SILOOMAN\public\index.php(45): CodeIgniter\CodeIgniter->run()
#8 D:\xampp\htdocs\SILOOMAN\vendor\codeigniter4\framework\system\Commands\Server\rewrite.php(34): require_once('D:\\xampp\\htdocs...')
#9 {main}
CRITICAL - 2020-11-01 09:36:17 --> Undefined index: ukura_lahan
#0 D:\xampp\htdocs\SILOOMAN\app\Views\lahan\edit.php(31): CodeIgniter\Debug\Exceptions->errorHandler(8, 'Undefined index...', 'D:\\xampp\\htdocs...', 31, Array)
#1 D:\xampp\htdocs\SILOOMAN\vendor\codeigniter4\framework\system\View\View.php(246): include('D:\\xampp\\htdocs...')
#2 D:\xampp\htdocs\SILOOMAN\vendor\codeigniter4\framework\system\Common.php(1119): CodeIgniter\View\View->render('lahan/edit', Array, true)
#3 D:\xampp\htdocs\SILOOMAN\app\Controllers\Lahan.php(82): view('lahan/edit', Array)
#4 D:\xampp\htdocs\SILOOMAN\vendor\codeigniter4\framework\system\CodeIgniter.php(918): App\Controllers\Lahan->edit('1')
#5 D:\xampp\htdocs\SILOOMAN\vendor\codeigniter4\framework\system\CodeIgniter.php(404): CodeIgniter\CodeIgniter->runController(Object(App\Controllers\Lahan))
#6 D:\xampp\htdocs\SILOOMAN\vendor\codeigniter4\framework\system\CodeIgniter.php(312): CodeIgniter\CodeIgniter->handleRequest(NULL, Object(Config\Cache), false)
#7 D:\xampp\htdocs\SILOOMAN\public\index.php(45): CodeIgniter\CodeIgniter->run()
#8 D:\xampp\htdocs\SILOOMAN\vendor\codeigniter4\framework\system\Commands\Server\rewrite.php(34): require_once('D:\\xampp\\htdocs...')
#9 {main}
CRITICAL - 2020-11-01 11:09:52 --> Invalid file: login.php
#0 D:\xampp\htdocs\SILOOMAN\vendor\codeigniter4\framework\system\View\View.php(228): CodeIgniter\Exceptions\FrameworkException::forInvalidFile('login.php')
#1 D:\xampp\htdocs\SILOOMAN\vendor\codeigniter4\framework\system\Common.php(1119): CodeIgniter\View\View->render('login', Array, true)
#2 D:\xampp\htdocs\SILOOMAN\app\Controllers\Login.php(13): view('login')
#3 D:\xampp\htdocs\SILOOMAN\vendor\codeigniter4\framework\system\CodeIgniter.php(918): App\Controllers\Login->index()
#4 D:\xampp\htdocs\SILOOMAN\vendor\codeigniter4\framework\system\CodeIgniter.php(404): CodeIgniter\CodeIgniter->runController(Object(App\Controllers\Login))
#5 D:\xampp\htdocs\SILOOMAN\vendor\codeigniter4\framework\system\CodeIgniter.php(312): CodeIgniter\CodeIgniter->handleRequest(NULL, Object(Config\Cache), false)
#6 D:\xampp\htdocs\SILOOMAN\public\index.php(45): CodeIgniter\CodeIgniter->run()
#7 D:\xampp\htdocs\SILOOMAN\vendor\codeigniter4\framework\system\Commands\Server\rewrite.php(34): require_once('D:\\xampp\\htdocs...')
#8 {main}
CRITICAL - 2020-11-01 11:11:47 --> Invalid file: index.php
#0 D:\xampp\htdocs\SILOOMAN\vendor\codeigniter4\framework\system\View\View.php(228): CodeIgniter\Exceptions\FrameworkException::forInvalidFile('index.php')
#1 D:\xampp\htdocs\SILOOMAN\vendor\codeigniter4\framework\system\Common.php(1119): CodeIgniter\View\View->render('index', Array, true)
#2 D:\xampp\htdocs\SILOOMAN\app\Controllers\Login.php(13): view('index')
#3 D:\xampp\htdocs\SILOOMAN\vendor\codeigniter4\framework\system\CodeIgniter.php(918): App\Controllers\Login->index()
#4 D:\xampp\htdocs\SILOOMAN\vendor\codeigniter4\framework\system\CodeIgniter.php(404): CodeIgniter\CodeIgniter->runController(Object(App\Controllers\Login))
#5 D:\xampp\htdocs\SILOOMAN\vendor\codeigniter4\framework\system\CodeIgniter.php(312): CodeIgniter\CodeIgniter->handleRequest(NULL, Object(Config\Cache), false)
#6 D:\xampp\htdocs\SILOOMAN\public\index.php(45): CodeIgniter\CodeIgniter->run()
#7 D:\xampp\htdocs\SILOOMAN\vendor\codeigniter4\framework\system\Commands\Server\rewrite.php(34): require_once('D:\\xampp\\htdocs...')
#8 {main}
